<?xml version="1.0" encoding="UTF-8"?>
<testsuite name="leetcode.array153_find_minimum_in_rotated_sorted_array.SolutionTest" tests="4" skipped="0" failures="0" errors="0" timestamp="2022-06-13T01:48:40" hostname="jurogrammerui-MacBookPro.local" time="0.056">
  <properties/>
  <testcase name="test()" classname="leetcode.array153_find_minimum_in_rotated_sorted_array.SolutionTest" time="0.047"/>
  <testcase name="test2()" classname="leetcode.array153_find_minimum_in_rotated_sorted_array.SolutionTest" time="0.0"/>
  <testcase name="test3()" classname="leetcode.array153_find_minimum_in_rotated_sorted_array.SolutionTest" time="0.001"/>
  <testcase name="test4()" classname="leetcode.array153_find_minimum_in_rotated_sorted_array.SolutionTest" time="0.002"/>
  <system-out><![CDATA[]]></system-out>
  <system-err><![CDATA[]]></system-err>
</testsuite>
