<?xml version="1.0" encoding="UTF-8"?>
<testsuite name="leetcode.array238.SolutionTest" tests="2" skipped="0" failures="0" errors="0" timestamp="2022-06-07T02:02:09" hostname="jurogrammerui-MacBookPro.local" time="0.049">
  <properties/>
  <testcase name="test1()" classname="leetcode.array238.SolutionTest" time="0.046"/>
  <testcase name="test2()" classname="leetcode.array238.SolutionTest" time="0.0"/>
  <system-out><![CDATA[]]></system-out>
  <system-err><![CDATA[]]></system-err>
</testsuite>
